# JRE version: Java(TM) SE Runtime Environment (8.0_131-b11) (build 1.8.0_131-b11)
# Java VM: Java HotSpot(TM) Client VM (25.131-b11 mixed mode windows-x86 )
Heap:
 def new generation   total 25920K, used 16142K [0x04000000, 0x05c20000, 0x19550000)
  eden space 23040K,  57% used [0x04000000, 0x04cf38b0, 0x05680000)
  from space 2880K, 100% used [0x05950000, 0x05c20000, 0x05c20000)
  to   space 2880K,   0% used [0x05680000, 0x05680000, 0x05950000)
 tenured generation   total 57380K, used 48343K [0x19550000, 0x1cd59000, 0x44000000)
   the space 57380K,  84% used [0x19550000, 0x1c485cd8, 0x1c485e00, 0x1cd59000)
 Metaspace       used 38054K, capacity 39176K, committed 39296K, reserved 39296K
GC Heap History (10 events):
Event: 316.119 GC heap before
{Heap before GC invocations=133 (full 6):
 def new generation   total 25920K, used 24335K [0x04000000, 0x05c20000, 0x19550000)
  eden space 23040K, 100% used [0x04000000, 0x05680000, 0x05680000)
  from space 2880K,  44% used [0x05680000, 0x057c3e18, 0x05950000)
  to   space 2880K,   0% used [0x05950000, 0x05950000, 0x05c20000)
 tenured generation   total 57380K, used 37550K [0x19550000, 0x1cd59000, 0x44000000)
   the space 57380K,  65% used [0x19550000, 0x1b9fb810, 0x1b9fba00, 0x1cd59000)
 Metaspace       used 36860K, capacity 37927K, committed 38016K, reserved 38272K
Event: 316.125 GC heap after
Heap after GC invocations=134 (full 6):
 def new generation   total 25920K, used 1203K [0x04000000, 0x05c20000, 0x19550000)
  eden space 23040K,   0% used [0x04000000, 0x04000000, 0x05680000)
  from space 2880K,  41% used [0x05950000, 0x05a7ce58, 0x05c20000)
  to   space 2880K,   0% used [0x05680000, 0x05680000, 0x05950000)
 tenured generation   total 57380K, used 37550K [0x19550000, 0x1cd59000, 0x44000000)
   the space 57380K,  65% used [0x19550000, 0x1b9fb810, 0x1b9fba00, 0x1cd59000)
 Metaspace       used 36860K, capacity 37927K, committed 38016K, reserved 38272K
}
Event: 317.048 GC heap before
{Heap before GC invocations=134 (full 6):
 def new generation   total 25920K, used 24243K [0x04000000, 0x05c20000, 0x19550000)
  eden space 23040K, 100% used [0x04000000, 0x05680000, 0x05680000)
  from space 2880K,  41% used [0x05950000, 0x05a7ce58, 0x05c20000)
  to   space 2880K,   0% used [0x05680000, 0x05680000, 0x05950000)
 tenured generation   total 57380K, used 37550K [0x19550000, 0x1cd59000, 0x44000000)
   the space 57380K,  65% used [0x19550000, 0x1b9fb810, 0x1b9fba00, 0x1cd59000)
 Metaspace       used 37331K, capacity 38437K, committed 38528K, reserved 39296K
Event: 317.068 GC heap after
Heap after GC invocations=135 (full 6):
 def new generation   total 25920K, used 2880K [0x04000000, 0x05c20000, 0x19550000)
  eden space 23040K,   0% used [0x04000000, 0x04000000, 0x05680000)
  from space 2880K, 100% used [0x05680000, 0x05950000, 0x05950000)
  to   space 2880K,   0% used [0x05950000, 0x05950000, 0x05c20000)
 tenured generation   total 57380K, used 39697K [0x19550000, 0x1cd59000, 0x44000000)
   the space 57380K,  69% used [0x19550000, 0x1bc14630, 0x1bc14800, 0x1cd59000)
 Metaspace       used 37331K, capacity 38437K, committed 38528K, reserved 39296K
}
Event: 352.400 GC heap before
{Heap before GC invocations=135 (full 6):
 def new generation   total 25920K, used 25920K [0x04000000, 0x05c20000, 0x19550000)
  eden space 23040K, 100% used [0x04000000, 0x05680000, 0x05680000)
  from space 2880K, 100% used [0x05680000, 0x05950000, 0x05950000)
  to   space 2880K,   0% used [0x05950000, 0x05950000, 0x05c20000)
 tenured generation   total 57380K, used 39697K [0x19550000, 0x1cd59000, 0x44000000)
   the space 57380K,  69% used [0x19550000, 0x1bc14630, 0x1bc14800, 0x1cd59000)
 Metaspace       used 37494K, capacity 38614K, committed 38656K, reserved 39296K
Event: 352.427 GC heap after
Heap after GC invocations=136 (full 6):
 def new generation   total 25920K, used 1251K [0x04000000, 0x05c20000, 0x19550000)
  eden space 23040K,   0% used [0x04000000, 0x04000000, 0x05680000)
  from space 2880K,  43% used [0x05950000, 0x05a88d28, 0x05c20000)
  to   space 2880K,   0% used [0x05680000, 0x05680000, 0x05950000)
 tenured generation   total 57380K, used 42541K [0x19550000, 0x1cd59000, 0x44000000)
   the space 57380K,  74% used [0x19550000, 0x1bedb6f8, 0x1bedb800, 0x1cd59000)
 Metaspace       used 37494K, capacity 38614K, committed 38656K, reserved 39296K
}
Event: 367.481 GC heap before
{Heap before GC invocations=136 (full 6):
 def new generation   total 25920K, used 24291K [0x04000000, 0x05c20000, 0x19550000)
  eden space 23040K, 100% used [0x04000000, 0x05680000, 0x05680000)
  from space 2880K,  43% used [0x05950000, 0x05a88d28, 0x05c20000)
  to   space 2880K,   0% used [0x05680000, 0x05680000, 0x05950000)
 tenured generation   total 57380K, used 42541K [0x19550000, 0x1cd59000, 0x44000000)
   the space 57380K,  74% used [0x19550000, 0x1bedb6f8, 0x1bedb800, 0x1cd59000)
 Metaspace       used 37844K, capacity 38969K, committed 39040K, reserved 39296K
Event: 367.499 GC heap after
Heap after GC invocations=137 (full 6):
 def new generation   total 25920K, used 2880K [0x04000000, 0x05c20000, 0x19550000)
  eden space 23040K,   0% used [0x04000000, 0x04000000, 0x05680000)
  from space 2880K, 100% used [0x05680000, 0x05950000, 0x05950000)
  to   space 2880K,   0% used [0x05950000, 0x05950000, 0x05c20000)
 tenured generation   total 57380K, used 44607K [0x19550000, 0x1cd59000, 0x44000000)
   the space 57380K,  77% used [0x19550000, 0x1c0dfea8, 0x1c0e0000, 0x1cd59000)
 Metaspace       used 37844K, capacity 38969K, committed 39040K, reserved 39296K
}
Event: 367.948 GC heap before
{Heap before GC invocations=137 (full 6):
 def new generation   total 25920K, used 25920K [0x04000000, 0x05c20000, 0x19550000)
  eden space 23040K, 100% used [0x04000000, 0x05680000, 0x05680000)
  from space 2880K, 100% used [0x05680000, 0x05950000, 0x05950000)
  to   space 2880K,   0% used [0x05950000, 0x05950000, 0x05c20000)
 tenured generation   total 57380K, used 44607K [0x19550000, 0x1cd59000, 0x44000000)
   the space 57380K,  77% used [0x19550000, 0x1c0dfea8, 0x1c0e0000, 0x1cd59000)
 Metaspace       used 37871K, capacity 39001K, committed 39040K, reserved 39296K
Event: 367.970 GC heap after
Heap after GC invocations=138 (full 6):
 def new generation   total 25920K, used 2880K [0x04000000, 0x05c20000, 0x19550000)
  eden space 23040K,   0% used [0x04000000, 0x04000000, 0x05680000)
  from space 2880K, 100% used [0x05950000, 0x05c20000, 0x05c20000)
  to   space 2880K,   0% used [0x05680000, 0x05680000, 0x05950000)
 tenured generation   total 57380K, used 48343K [0x19550000, 0x1cd59000, 0x44000000)
   the space 57380K,  84% used [0x19550000, 0x1c485cd8, 0x1c485e00, 0x1cd59000)
 Metaspace       used 37871K, capacity 39001K, committed 39040K, reserved 39296K
}

