# JRE version: Java(TM) SE Runtime Environment (8.0_131-b11) (build 1.8.0_131-b11)
# Java VM: Java HotSpot(TM) Client VM (25.131-b11 mixed mode windows-x86 )
Heap:
 def new generation   total 25728K, used 12446K [0x04000000, 0x05be0000, 0x19550000)
  eden space 22912K,  42% used [0x04000000, 0x049678e8, 0x05660000)
  from space 2816K, 100% used [0x05660000, 0x05920000, 0x05920000)
  to   space 2816K,   0% used [0x05920000, 0x05920000, 0x05be0000)
 tenured generation   total 56900K, used 48112K [0x19550000, 0x1cce1000, 0x44000000)
   the space 56900K,  84% used [0x19550000, 0x1c44c2c8, 0x1c44c400, 0x1cce1000)
 Metaspace       used 36221K, capacity 37392K, committed 37504K, reserved 38272K
GC Heap History (10 events):
Event: 174.954 GC heap before
{Heap before GC invocations=103 (full 5):
 def new generation   total 25728K, used 25414K [0x04000000, 0x05be0000, 0x19550000)
  eden space 22912K, 100% used [0x04000000, 0x05660000, 0x05660000)
  from space 2816K,  88% used [0x05920000, 0x05b918d8, 0x05be0000)
  to   space 2816K,   0% used [0x05660000, 0x05660000, 0x05920000)
 tenured generation   total 56900K, used 38054K [0x19550000, 0x1cce1000, 0x44000000)
   the space 56900K,  66% used [0x19550000, 0x1ba79bb0, 0x1ba79c00, 0x1cce1000)
 Metaspace       used 34987K, capacity 36128K, committed 36224K, reserved 36224K
Event: 174.962 GC heap after
Heap after GC invocations=104 (full 5):
 def new generation   total 25728K, used 413K [0x04000000, 0x05be0000, 0x19550000)
  eden space 22912K,   0% used [0x04000000, 0x04000000, 0x05660000)
  from space 2816K,  14% used [0x05660000, 0x056c74e8, 0x05920000)
  to   space 2816K,   0% used [0x05920000, 0x05920000, 0x05be0000)
 tenured generation   total 56900K, used 39435K [0x19550000, 0x1cce1000, 0x44000000)
   the space 56900K,  69% used [0x19550000, 0x1bbd2ce8, 0x1bbd2e00, 0x1cce1000)
 Metaspace       used 34987K, capacity 36128K, committed 36224K, reserved 36224K
}
Event: 175.333 GC heap before
{Heap before GC invocations=104 (full 5):
 def new generation   total 25728K, used 23325K [0x04000000, 0x05be0000, 0x19550000)
  eden space 22912K, 100% used [0x04000000, 0x05660000, 0x05660000)
  from space 2816K,  14% used [0x05660000, 0x056c74e8, 0x05920000)
  to   space 2816K,   0% used [0x05920000, 0x05920000, 0x05be0000)
 tenured generation   total 56900K, used 39435K [0x19550000, 0x1cce1000, 0x44000000)
   the space 56900K,  69% used [0x19550000, 0x1bbd2ce8, 0x1bbd2e00, 0x1cce1000)
 Metaspace       used 35004K, capacity 36143K, committed 36224K, reserved 36224K
Event: 175.343 GC heap after
Heap after GC invocations=105 (full 5):
 def new generation   total 25728K, used 1969K [0x04000000, 0x05be0000, 0x19550000)
  eden space 22912K,   0% used [0x04000000, 0x04000000, 0x05660000)
  from space 2816K,  69% used [0x05920000, 0x05b0c6a8, 0x05be0000)
  to   space 2816K,   0% used [0x05660000, 0x05660000, 0x05920000)
 tenured generation   total 56900K, used 39435K [0x19550000, 0x1cce1000, 0x44000000)
   the space 56900K,  69% used [0x19550000, 0x1bbd2ce8, 0x1bbd2e00, 0x1cce1000)
 Metaspace       used 35004K, capacity 36143K, committed 36224K, reserved 36224K
}
Event: 175.988 GC heap before
{Heap before GC invocations=105 (full 5):
 def new generation   total 25728K, used 24881K [0x04000000, 0x05be0000, 0x19550000)
  eden space 22912K, 100% used [0x04000000, 0x05660000, 0x05660000)
  from space 2816K,  69% used [0x05920000, 0x05b0c6a8, 0x05be0000)
  to   space 2816K,   0% used [0x05660000, 0x05660000, 0x05920000)
 tenured generation   total 56900K, used 39435K [0x19550000, 0x1cce1000, 0x44000000)
   the space 56900K,  69% used [0x19550000, 0x1bbd2ce8, 0x1bbd2e00, 0x1cce1000)
 Metaspace       used 35549K, capacity 36673K, committed 36736K, reserved 37248K
Event: 176.005 GC heap after
Heap after GC invocations=106 (full 5):
 def new generation   total 25728K, used 2455K [0x04000000, 0x05be0000, 0x19550000)
  eden space 22912K,   0% used [0x04000000, 0x04000000, 0x05660000)
  from space 2816K,  87% used [0x05660000, 0x058c5ea0, 0x05920000)
  to   space 2816K,   0% used [0x05920000, 0x05920000, 0x05be0000)
 tenured generation   total 56900K, used 41361K [0x19550000, 0x1cce1000, 0x44000000)
   the space 56900K,  72% used [0x19550000, 0x1bdb47d0, 0x1bdb4800, 0x1cce1000)
 Metaspace       used 35549K, capacity 36673K, committed 36736K, reserved 37248K
}
Event: 176.580 GC heap before
{Heap before GC invocations=106 (full 5):
 def new generation   total 25728K, used 25367K [0x04000000, 0x05be0000, 0x19550000)
  eden space 22912K, 100% used [0x04000000, 0x05660000, 0x05660000)
  from space 2816K,  87% used [0x05660000, 0x058c5ea0, 0x05920000)
  to   space 2816K,   0% used [0x05920000, 0x05920000, 0x05be0000)
 tenured generation   total 56900K, used 41361K [0x19550000, 0x1cce1000, 0x44000000)
   the space 56900K,  72% used [0x19550000, 0x1bdb47d0, 0x1bdb4800, 0x1cce1000)
 Metaspace       used 36001K, capacity 37155K, committed 37248K, reserved 37248K
Event: 176.603 GC heap after
Heap after GC invocations=107 (full 5):
 def new generation   total 25728K, used 2816K [0x04000000, 0x05be0000, 0x19550000)
  eden space 22912K,   0% used [0x04000000, 0x04000000, 0x05660000)
  from space 2816K, 100% used [0x05920000, 0x05be0000, 0x05be0000)
  to   space 2816K,   0% used [0x05660000, 0x05660000, 0x05920000)
 tenured generation   total 56900K, used 44425K [0x19550000, 0x1cce1000, 0x44000000)
   the space 56900K,  78% used [0x19550000, 0x1c0b2710, 0x1c0b2800, 0x1cce1000)
 Metaspace       used 36001K, capacity 37155K, committed 37248K, reserved 37248K
}
Event: 177.696 GC heap before
{Heap before GC invocations=107 (full 5):
 def new generation   total 25728K, used 25728K [0x04000000, 0x05be0000, 0x19550000)
  eden space 22912K, 100% used [0x04000000, 0x05660000, 0x05660000)
  from space 2816K, 100% used [0x05920000, 0x05be0000, 0x05be0000)
  to   space 2816K,   0% used [0x05660000, 0x05660000, 0x05920000)
 tenured generation   total 56900K, used 44425K [0x19550000, 0x1cce1000, 0x44000000)
   the space 56900K,  78% used [0x19550000, 0x1c0b2710, 0x1c0b2800, 0x1cce1000)
 Metaspace       used 36013K, capacity 37155K, committed 37248K, reserved 37248K
Event: 177.717 GC heap after
Heap after GC invocations=108 (full 5):
 def new generation   total 25728K, used 2816K [0x04000000, 0x05be0000, 0x19550000)
  eden space 22912K,   0% used [0x04000000, 0x04000000, 0x05660000)
  from space 2816K, 100% used [0x05660000, 0x05920000, 0x05920000)
  to   space 2816K,   0% used [0x05920000, 0x05920000, 0x05be0000)
 tenured generation   total 56900K, used 48112K [0x19550000, 0x1cce1000, 0x44000000)
   the space 56900K,  84% used [0x19550000, 0x1c44c2c8, 0x1c44c400, 0x1cce1000)
 Metaspace       used 36013K, capacity 37155K, committed 37248K, reserved 37248K
}

