# JRE version: Java(TM) SE Runtime Environment (8.0_131-b11) (build 1.8.0_131-b11)
# Java VM: Java HotSpot(TM) Client VM (25.131-b11 mixed mode windows-x86 )
Heap:
 def new generation   total 26240K, used 9577K [0x04000000, 0x05c70000, 0x19550000)
  eden space 23360K,  28% used [0x04000000, 0x0468a5a0, 0x056d0000)
  from space 2880K, 100% used [0x059a0000, 0x05c70000, 0x05c70000)
  to   space 2880K,   0% used [0x056d0000, 0x056d0000, 0x059a0000)
 tenured generation   total 57960K, used 36050K [0x19550000, 0x1cdea000, 0x44000000)
   the space 57960K,  62% used [0x19550000, 0x1b884b28, 0x1b884c00, 0x1cdea000)
 Metaspace       used 35395K, capacity 36321K, committed 37248K, reserved 37248K
GC Heap History (10 events):
Event: 47.823 GC heap before
{Heap before GC invocations=99 (full 4):
 def new generation   total 21312K, used 19399K [0x04000000, 0x05710000, 0x19550000)
  eden space 19008K, 100% used [0x04000000, 0x05290000, 0x05290000)
  from space 2304K,  16% used [0x054d0000, 0x05531cd0, 0x05710000)
  to   space 2304K,   0% used [0x05290000, 0x05290000, 0x054d0000)
 tenured generation   total 47080K, used 43544K [0x19550000, 0x1c34a000, 0x44000000)
   the space 47080K,  92% used [0x19550000, 0x1bfd60c8, 0x1bfd6200, 0x1c34a000)
 Metaspace       used 35045K, capacity 36188K, committed 36224K, reserved 36224K
Event: 47.827 GC heap after
Heap after GC invocations=100 (full 4):
 def new generation   total 21312K, used 610K [0x04000000, 0x05710000, 0x19550000)
  eden space 19008K,   0% used [0x04000000, 0x04000000, 0x05290000)
  from space 2304K,  26% used [0x05290000, 0x05328bc8, 0x054d0000)
  to   space 2304K,   0% used [0x054d0000, 0x054d0000, 0x05710000)
 tenured generation   total 47080K, used 43544K [0x19550000, 0x1c34a000, 0x44000000)
   the space 47080K,  92% used [0x19550000, 0x1bfd60c8, 0x1bfd6200, 0x1c34a000)
 Metaspace       used 35045K, capacity 36188K, committed 36224K, reserved 36224K
}
Event: 48.282 GC heap before
{Heap before GC invocations=100 (full 4):
 def new generation   total 21312K, used 19618K [0x04000000, 0x05710000, 0x19550000)
  eden space 19008K, 100% used [0x04000000, 0x05290000, 0x05290000)
  from space 2304K,  26% used [0x05290000, 0x05328bc8, 0x054d0000)
  to   space 2304K,   0% used [0x054d0000, 0x054d0000, 0x05710000)
 tenured generation   total 47080K, used 43544K [0x19550000, 0x1c34a000, 0x44000000)
   the space 47080K,  92% used [0x19550000, 0x1bfd60c8, 0x1bfd6200, 0x1c34a000)
 Metaspace       used 35582K, capacity 36736K, committed 36736K, reserved 37248K
Event: 48.296 GC heap after
Heap after GC invocations=101 (full 4):
 def new generation   total 21312K, used 2304K [0x04000000, 0x05710000, 0x19550000)
  eden space 19008K,   0% used [0x04000000, 0x04000000, 0x05290000)
  from space 2304K, 100% used [0x054d0000, 0x05710000, 0x05710000)
  to   space 2304K,   0% used [0x05290000, 0x05290000, 0x054d0000)
 tenured generation   total 47080K, used 44575K [0x19550000, 0x1c34a000, 0x44000000)
   the space 47080K,  94% used [0x19550000, 0x1c0d7e48, 0x1c0d8000, 0x1c34a000)
 Metaspace       used 35582K, capacity 36736K, committed 36736K, reserved 37248K
}
Event: 48.939 GC heap before
{Heap before GC invocations=101 (full 4):
 def new generation   total 21312K, used 21312K [0x04000000, 0x05710000, 0x19550000)
  eden space 19008K, 100% used [0x04000000, 0x05290000, 0x05290000)
  from space 2304K, 100% used [0x054d0000, 0x05710000, 0x05710000)
  to   space 2304K,   0% used [0x05290000, 0x05290000, 0x054d0000)
 tenured generation   total 47080K, used 44575K [0x19550000, 0x1c34a000, 0x44000000)
   the space 47080K,  94% used [0x19550000, 0x1c0d7e48, 0x1c0d8000, 0x1c34a000)
 Metaspace       used 35750K, capacity 36911K, committed 36992K, reserved 37248K
Event: 48.953 GC heap after
Heap after GC invocations=102 (full 4):
 def new generation   total 21312K, used 1090K [0x04000000, 0x05710000, 0x19550000)
  eden space 19008K,   0% used [0x04000000, 0x04000000, 0x05290000)
  from space 2304K,  47% used [0x05290000, 0x053a0850, 0x054d0000)
  to   space 2304K,   0% used [0x054d0000, 0x054d0000, 0x05710000)
 tenured generation   total 47080K, used 46859K [0x19550000, 0x1c34a000, 0x44000000)
   the space 47080K,  99% used [0x19550000, 0x1c312d70, 0x1c312e00, 0x1c34a000)
 Metaspace       used 35750K, capacity 36911K, committed 36992K, reserved 37248K
}
Event: 49.424 GC heap before
{Heap before GC invocations=102 (full 4):
 def new generation   total 21312K, used 20098K [0x04000000, 0x05710000, 0x19550000)
  eden space 19008K, 100% used [0x04000000, 0x05290000, 0x05290000)
  from space 2304K,  47% used [0x05290000, 0x053a0850, 0x054d0000)
  to   space 2304K,   0% used [0x054d0000, 0x054d0000, 0x05710000)
 tenured generation   total 47080K, used 46859K [0x19550000, 0x1c34a000, 0x44000000)
   the space 47080K,  99% used [0x19550000, 0x1c312d70, 0x1c312e00, 0x1c34a000)
 Metaspace       used 36091K, capacity 37233K, committed 37248K, reserved 37248K
Event: 49.584 GC heap after
Heap after GC invocations=103 (full 5):
 def new generation   total 26240K, used 0K [0x04000000, 0x05c70000, 0x19550000)
  eden space 23360K,   0% used [0x04000000, 0x04000000, 0x056d0000)
  from space 2880K,   0% used [0x056d0000, 0x056d0000, 0x059a0000)
  to   space 2880K,   0% used [0x059a0000, 0x059a0000, 0x05c70000)
 tenured generation   total 57960K, used 34775K [0x19550000, 0x1cdea000, 0x44000000)
   the space 57960K,  59% used [0x19550000, 0x1b745d28, 0x1b745e00, 0x1cdea000)
 Metaspace       used 35176K, capacity 36084K, committed 37248K, reserved 37248K
}
Event: 50.421 GC heap before
{Heap before GC invocations=103 (full 5):
 def new generation   total 26240K, used 23360K [0x04000000, 0x05c70000, 0x19550000)
  eden space 23360K, 100% used [0x04000000, 0x056d0000, 0x056d0000)
  from space 2880K,   0% used [0x056d0000, 0x056d0000, 0x059a0000)
  to   space 2880K,   0% used [0x059a0000, 0x059a0000, 0x05c70000)
 tenured generation   total 57960K, used 34775K [0x19550000, 0x1cdea000, 0x44000000)
   the space 57960K,  59% used [0x19550000, 0x1b745d28, 0x1b745e00, 0x1cdea000)
 Metaspace       used 35325K, capacity 36254K, committed 37248K, reserved 37248K
Event: 50.439 GC heap after
Heap after GC invocations=104 (full 5):
 def new generation   total 26240K, used 2880K [0x04000000, 0x05c70000, 0x19550000)
  eden space 23360K,   0% used [0x04000000, 0x04000000, 0x056d0000)
  from space 2880K, 100% used [0x059a0000, 0x05c70000, 0x05c70000)
  to   space 2880K,   0% used [0x056d0000, 0x056d0000, 0x059a0000)
 tenured generation   total 57960K, used 36050K [0x19550000, 0x1cdea000, 0x44000000)
   the space 57960K,  62% used [0x19550000, 0x1b884b28, 0x1b884c00, 0x1cdea000)
 Metaspace       used 35325K, capacity 36254K, committed 37248K, reserved 37248K
}

