# JRE version: Java(TM) SE Runtime Environment (8.0_131-b11) (build 1.8.0_131-b11)
# Java VM: Java HotSpot(TM) Client VM (25.131-b11 mixed mode windows-x86 )
Heap:
 def new generation   total 14336K, used 5988K [0x04000000, 0x04f80000, 0x19550000)
  eden space 12800K,  34% used [0x04000000, 0x044593a8, 0x04c80000)
  from space 1536K, 100% used [0x04c80000, 0x04e00000, 0x04e00000)
  to   space 1536K,   0% used [0x04e00000, 0x04e00000, 0x04f80000)
 tenured generation   total 31500K, used 26631K [0x19550000, 0x1b413000, 0x44000000)
   the space 31500K,  84% used [0x19550000, 0x1af51d88, 0x1af51e00, 0x1b413000)
 Metaspace       used 31853K, capacity 32688K, committed 32768K, reserved 33152K
GC Heap History (10 events):
Event: 72.079 GC heap before
{Heap before GC invocations=89 (full 4):
 def new generation   total 14336K, used 13978K [0x04000000, 0x04f80000, 0x19550000)
  eden space 12800K,  99% used [0x04000000, 0x04c7ffd8, 0x04c80000)
  from space 1536K,  76% used [0x04e00000, 0x04f26a68, 0x04f80000)
  to   space 1536K,   0% used [0x04c80000, 0x04c80000, 0x04e00000)
 tenured generation   total 31500K, used 18897K [0x19550000, 0x1b413000, 0x44000000)
   the space 31500K,  59% used [0x19550000, 0x1a7c4688, 0x1a7c4800, 0x1b413000)
 Metaspace       used 31170K, capacity 31930K, committed 32000K, reserved 32128K
Event: 72.085 GC heap after
Heap after GC invocations=90 (full 4):
 def new generation   total 14336K, used 754K [0x04000000, 0x04f80000, 0x19550000)
  eden space 12800K,   0% used [0x04000000, 0x04000000, 0x04c80000)
  from space 1536K,  49% used [0x04c80000, 0x04d3c808, 0x04e00000)
  to   space 1536K,   0% used [0x04e00000, 0x04e00000, 0x04f80000)
 tenured generation   total 31500K, used 19335K [0x19550000, 0x1b413000, 0x44000000)
   the space 31500K,  61% used [0x19550000, 0x1a831df8, 0x1a831e00, 0x1b413000)
 Metaspace       used 31170K, capacity 31930K, committed 32000K, reserved 32128K
}
Event: 72.692 GC heap before
{Heap before GC invocations=90 (full 4):
 def new generation   total 14336K, used 13554K [0x04000000, 0x04f80000, 0x19550000)
  eden space 12800K, 100% used [0x04000000, 0x04c80000, 0x04c80000)
  from space 1536K,  49% used [0x04c80000, 0x04d3c808, 0x04e00000)
  to   space 1536K,   0% used [0x04e00000, 0x04e00000, 0x04f80000)
 tenured generation   total 31500K, used 19335K [0x19550000, 0x1b413000, 0x44000000)
   the space 31500K,  61% used [0x19550000, 0x1a831df8, 0x1a831e00, 0x1b413000)
 Metaspace       used 31563K, capacity 32348K, committed 32384K, reserved 33152K
Event: 72.699 GC heap after
Heap after GC invocations=91 (full 4):
 def new generation   total 14336K, used 1536K [0x04000000, 0x04f80000, 0x19550000)
  eden space 12800K,   0% used [0x04000000, 0x04000000, 0x04c80000)
  from space 1536K, 100% used [0x04e00000, 0x04f80000, 0x04f80000)
  to   space 1536K,   0% used [0x04c80000, 0x04c80000, 0x04e00000)
 tenured generation   total 31500K, used 19605K [0x19550000, 0x1b413000, 0x44000000)
   the space 31500K,  62% used [0x19550000, 0x1a8754d0, 0x1a875600, 0x1b413000)
 Metaspace       used 31563K, capacity 32348K, committed 32384K, reserved 33152K
}
Event: 72.908 GC heap before
{Heap before GC invocations=91 (full 4):
 def new generation   total 14336K, used 14336K [0x04000000, 0x04f80000, 0x19550000)
  eden space 12800K, 100% used [0x04000000, 0x04c80000, 0x04c80000)
  from space 1536K, 100% used [0x04e00000, 0x04f80000, 0x04f80000)
  to   space 1536K,   0% used [0x04c80000, 0x04c80000, 0x04e00000)
 tenured generation   total 31500K, used 19605K [0x19550000, 0x1b413000, 0x44000000)
   the space 31500K,  62% used [0x19550000, 0x1a8754d0, 0x1a875600, 0x1b413000)
 Metaspace       used 31623K, capacity 32415K, committed 32512K, reserved 33152K
Event: 72.924 GC heap after
Heap after GC invocations=92 (full 4):
 def new generation   total 14336K, used 1536K [0x04000000, 0x04f80000, 0x19550000)
  eden space 12800K,   0% used [0x04000000, 0x04000000, 0x04c80000)
  from space 1536K, 100% used [0x04c80000, 0x04e00000, 0x04e00000)
  to   space 1536K,   0% used [0x04e00000, 0x04e00000, 0x04f80000)
 tenured generation   total 31500K, used 22697K [0x19550000, 0x1b413000, 0x44000000)
   the space 31500K,  72% used [0x19550000, 0x1ab7a668, 0x1ab7a800, 0x1b413000)
 Metaspace       used 31623K, capacity 32415K, committed 32512K, reserved 33152K
}
Event: 73.063 GC heap before
{Heap before GC invocations=92 (full 4):
 def new generation   total 14336K, used 14336K [0x04000000, 0x04f80000, 0x19550000)
  eden space 12800K, 100% used [0x04000000, 0x04c80000, 0x04c80000)
  from space 1536K, 100% used [0x04c80000, 0x04e00000, 0x04e00000)
  to   space 1536K,   0% used [0x04e00000, 0x04e00000, 0x04f80000)
 tenured generation   total 31500K, used 22697K [0x19550000, 0x1b413000, 0x44000000)
   the space 31500K,  72% used [0x19550000, 0x1ab7a668, 0x1ab7a800, 0x1b413000)
 Metaspace       used 31623K, capacity 32415K, committed 32512K, reserved 33152K
Event: 73.073 GC heap after
Heap after GC invocations=93 (full 4):
 def new generation   total 14336K, used 1536K [0x04000000, 0x04f80000, 0x19550000)
  eden space 12800K,   0% used [0x04000000, 0x04000000, 0x04c80000)
  from space 1536K, 100% used [0x04e00000, 0x04f80000, 0x04f80000)
  to   space 1536K,   0% used [0x04c80000, 0x04c80000, 0x04e00000)
 tenured generation   total 31500K, used 24443K [0x19550000, 0x1b413000, 0x44000000)
   the space 31500K,  77% used [0x19550000, 0x1ad2ed90, 0x1ad2ee00, 0x1b413000)
 Metaspace       used 31623K, capacity 32415K, committed 32512K, reserved 33152K
}
Event: 83.324 GC heap before
{Heap before GC invocations=93 (full 4):
 def new generation   total 14336K, used 14336K [0x04000000, 0x04f80000, 0x19550000)
  eden space 12800K, 100% used [0x04000000, 0x04c80000, 0x04c80000)
  from space 1536K, 100% used [0x04e00000, 0x04f80000, 0x04f80000)
  to   space 1536K,   0% used [0x04c80000, 0x04c80000, 0x04e00000)
 tenured generation   total 31500K, used 24443K [0x19550000, 0x1b413000, 0x44000000)
   the space 31500K,  77% used [0x19550000, 0x1ad2ed90, 0x1ad2ee00, 0x1b413000)
 Metaspace       used 31786K, capacity 32587K, committed 32640K, reserved 33152K
Event: 83.339 GC heap after
Heap after GC invocations=94 (full 4):
 def new generation   total 14336K, used 1536K [0x04000000, 0x04f80000, 0x19550000)
  eden space 12800K,   0% used [0x04000000, 0x04000000, 0x04c80000)
  from space 1536K, 100% used [0x04c80000, 0x04e00000, 0x04e00000)
  to   space 1536K,   0% used [0x04e00000, 0x04e00000, 0x04f80000)
 tenured generation   total 31500K, used 26631K [0x19550000, 0x1b413000, 0x44000000)
   the space 31500K,  84% used [0x19550000, 0x1af51d88, 0x1af51e00, 0x1b413000)
 Metaspace       used 31786K, capacity 32587K, committed 32640K, reserved 33152K
}

